<?xml version="1.0" encoding="UTF-8"?>
<!-- Generated by org.testng.reporters.JUnitReportReporter -->
<testsuite hostname="RKAINS007" failures="0" tests="1" name="test.Tes" time="0.008" errors="0" timestamp="23 Jun 2023 14:08:07 GMT" skipped="0">
  <testcase classname="test.Tes" name="testBro" time="0.008"/>
</testsuite> <!-- test.Tes -->
